{"contracts/Raffle.sol":{"l":{"60":3,"61":3,"62":3,"63":3,"64":3,"65":3,"66":3,"67":3,"71":15,"72":1,"74":14,"75":1,"77":13,"79":13,"95":10,"96":10,"97":10,"98":10,"99":10,"103":6,"104":6,"105":1,"107":5,"108":5,"115":5,"122":1,"123":1,"124":1,"125":1,"126":1,"127":1,"128":1,"130":1,"131":0,"133":1,"138":14,"142":2,"146":1,"149":4,"153":0,"157":0,"161":2,"164":0,"167":14},"path":"/home/edozie/hh-fcc/hardhat-smartcontract-lottery/contracts/Raffle.sol","s":{"1":15,"2":14,"3":13,"4":13,"5":10,"6":10,"7":10,"8":10,"9":6,"10":6,"11":5,"12":5,"13":1,"14":1,"15":1,"16":1,"17":1,"18":14,"19":2,"20":1,"21":4,"22":0,"23":0,"24":2,"25":0,"26":14},"b":{"1":[1,14],"2":[1,13],"3":[1,5],"4":[0,1]},"f":{"1":3,"2":15,"3":10,"4":6,"5":1,"6":14,"7":2,"8":1,"9":4,"10":0,"11":0,"12":2,"13":0,"14":14},"fnMap":{"1":{"name":"constructor","line":59,"loc":{"start":{"line":52,"column":4},"end":{"line":68,"column":4}}},"2":{"name":"enterRaffle","line":70,"loc":{"start":{"line":70,"column":4},"end":{"line":80,"column":4}}},"3":{"name":"checkUpkeep","line":92,"loc":{"start":{"line":92,"column":4},"end":{"line":100,"column":4}}},"4":{"name":"performUpkeep","line":102,"loc":{"start":{"line":102,"column":4},"end":{"line":116,"column":4}}},"5":{"name":"fulfillRandomWords","line":118,"loc":{"start":{"line":118,"column":4},"end":{"line":134,"column":4}}},"6":{"name":"getEntranceFee","line":137,"loc":{"start":{"line":137,"column":4},"end":{"line":139,"column":4}}},"7":{"name":"getPlayer","line":141,"loc":{"start":{"line":141,"column":4},"end":{"line":143,"column":4}}},"8":{"name":"getRecentWinner","line":145,"loc":{"start":{"line":145,"column":4},"end":{"line":147,"column":4}}},"9":{"name":"getRaffleState","line":148,"loc":{"start":{"line":148,"column":4},"end":{"line":150,"column":4}}},"10":{"name":"getNumWords","line":152,"loc":{"start":{"line":152,"column":4},"end":{"line":154,"column":4}}},"11":{"name":"getNumberOfPlayers","line":156,"loc":{"start":{"line":156,"column":4},"end":{"line":158,"column":4}}},"12":{"name":"getLatestTimeStamp","line":160,"loc":{"start":{"line":160,"column":4},"end":{"line":162,"column":4}}},"13":{"name":"getRequestConfirmations","line":163,"loc":{"start":{"line":163,"column":4},"end":{"line":165,"column":4}}},"14":{"name":"getInterval","line":166,"loc":{"start":{"line":166,"column":4},"end":{"line":168,"column":4}}}},"statementMap":{"1":{"start":{"line":71,"column":8},"end":{"line":71,"column":2530}},"2":{"start":{"line":74,"column":8},"end":{"line":74,"column":2631}},"3":{"start":{"line":77,"column":8},"end":{"line":77,"column":42}},"4":{"start":{"line":79,"column":8},"end":{"line":79,"column":36}},"5":{"start":{"line":95,"column":8},"end":{"line":95,"column":57}},"6":{"start":{"line":96,"column":8},"end":{"line":96,"column":76}},"7":{"start":{"line":97,"column":8},"end":{"line":97,"column":48}},"8":{"start":{"line":98,"column":8},"end":{"line":98,"column":51}},"9":{"start":{"line":103,"column":8},"end":{"line":103,"column":47}},"10":{"start":{"line":104,"column":8},"end":{"line":104,"column":3893}},"11":{"start":{"line":108,"column":8},"end":{"line":108,"column":4090}},"12":{"start":{"line":115,"column":8},"end":{"line":115,"column":45}},"13":{"start":{"line":122,"column":8},"end":{"line":122,"column":65}},"14":{"start":{"line":123,"column":8},"end":{"line":123,"column":63}},"15":{"start":{"line":128,"column":8},"end":{"line":128,"column":78}},"16":{"start":{"line":130,"column":8},"end":{"line":130,"column":4870}},"17":{"start":{"line":133,"column":8},"end":{"line":133,"column":39}},"18":{"start":{"line":138,"column":8},"end":{"line":138,"column":28}},"19":{"start":{"line":142,"column":8},"end":{"line":142,"column":31}},"20":{"start":{"line":146,"column":8},"end":{"line":146,"column":29}},"21":{"start":{"line":149,"column":8},"end":{"line":149,"column":28}},"22":{"start":{"line":153,"column":8},"end":{"line":153,"column":24}},"23":{"start":{"line":157,"column":8},"end":{"line":157,"column":31}},"24":{"start":{"line":161,"column":8},"end":{"line":161,"column":30}},"25":{"start":{"line":164,"column":8},"end":{"line":164,"column":35}},"26":{"start":{"line":167,"column":8},"end":{"line":167,"column":25}}},"branchMap":{"1":{"line":71,"type":"if","locations":[{"start":{"line":71,"column":8},"end":{"line":71,"column":8}},{"start":{"line":71,"column":8},"end":{"line":71,"column":8}}]},"2":{"line":74,"type":"if","locations":[{"start":{"line":74,"column":8},"end":{"line":74,"column":8}},{"start":{"line":74,"column":8},"end":{"line":74,"column":8}}]},"3":{"line":104,"type":"if","locations":[{"start":{"line":104,"column":8},"end":{"line":104,"column":8}},{"start":{"line":104,"column":8},"end":{"line":104,"column":8}}]},"4":{"line":130,"type":"if","locations":[{"start":{"line":130,"column":8},"end":{"line":130,"column":8}},{"start":{"line":130,"column":8},"end":{"line":130,"column":8}}]}}},"contracts/test/VRFCoordinatorV2Mock.sol":{"l":{},"path":"/home/edozie/hh-fcc/hardhat-smartcontract-lottery/contracts/test/VRFCoordinatorV2Mock.sol","s":{},"b":{},"f":{},"fnMap":{},"statementMap":{},"branchMap":{}}}